<?xml version="1.0" encoding="UTF-8"?>
<testsuite name="agh.ics.oop.Vector2dTest" tests="16" skipped="0" failures="0" errors="0" timestamp="2022-10-19T16:38:14" hostname="XPS13_PAWEL" time="0.093">
  <properties/>
  <testcase name="equalsVectorFalse()" classname="agh.ics.oop.Vector2dTest" time="0.045"/>
  <testcase name="lowerLeftTest1()" classname="agh.ics.oop.Vector2dTest" time="0.003"/>
  <testcase name="lowerLeftTest2()" classname="agh.ics.oop.Vector2dTest" time="0.001"/>
  <testcase name="upperRightTest1()" classname="agh.ics.oop.Vector2dTest" time="0.002"/>
  <testcase name="oppositeTest1()" classname="agh.ics.oop.Vector2dTest" time="0.001"/>
  <testcase name="oppositeTestZero()" classname="agh.ics.oop.Vector2dTest" time="0.001"/>
  <testcase name="equalsVectorTrue()" classname="agh.ics.oop.Vector2dTest" time="0.002"/>
  <testcase name="equalsVectorZero()" classname="agh.ics.oop.Vector2dTest" time="0.002"/>
  <testcase name="precedesTestIdentical()" classname="agh.ics.oop.Vector2dTest" time="0.001"/>
  <testcase name="subtractVectorTest1()" classname="agh.ics.oop.Vector2dTest" time="0.001"/>
  <testcase name="subtractVectorTest2()" classname="agh.ics.oop.Vector2dTest" time="0.002"/>
  <testcase name="followsTestOther()" classname="agh.ics.oop.Vector2dTest" time="0.001"/>
  <testcase name="addVectorTest1()" classname="agh.ics.oop.Vector2dTest" time="0.001"/>
  <testcase name="addVectorTest2()" classname="agh.ics.oop.Vector2dTest" time="0.001"/>
  <testcase name="precedesTestOther()" classname="agh.ics.oop.Vector2dTest" time="0.002"/>
  <testcase name="toStringTest1()" classname="agh.ics.oop.Vector2dTest" time="0.01"/>
  <system-out><![CDATA[]]></system-out>
  <system-err><![CDATA[]]></system-err>
</testsuite>
