<?xml version="1.0" encoding="UTF-8"?>
<testsuite name="agh.ics.oop.Vector2dTest" tests="1" skipped="0" failures="0" errors="0" timestamp="2022-10-19T12:19:56" hostname="XPS13_PAWEL" time="0.016">
  <properties/>
  <testcase name="oppositeTestZero()" classname="agh.ics.oop.Vector2dTest" time="0.016"/>
  <system-out><![CDATA[]]></system-out>
  <system-err><![CDATA[]]></system-err>
</testsuite>
