<?xml version="1.0" encoding="UTF-8"?>
<testsuite name="agh.ics.oop.SimulationEngineTest" tests="1" skipped="0" failures="0" errors="0" timestamp="2022-11-23T17:06:10" hostname="XPS13_PAWEL" time="0.061">
  <properties/>
  <testcase name="farTest()" classname="agh.ics.oop.SimulationEngineTest" time="0.061"/>
  <system-out><![CDATA[ y\x  0 1 2 3 4 5 6 7 8 9
  9: ---------------------
  8: | | | | | | | | |*|*|
  7: | | | | | | | | | | |
  6: | | | | |*| |*| | | |
  5: | | | | | | | |*| | |
  4: | | | |*| | | | | | |
  3: | |*| | | | | | | | |
  2: | | |N| | | | | | | |
  1: | | | | | |*| | | | |
  0: | | | | | | | | | |*|
 -1: ---------------------

11
FORWARD
 y\x  0 1 2 3 4 5 6 7 8 9
  9: ---------------------
  8: | | | | | | | | |*|*|
  7: | | | | | | | | | | |
  6: | | | | |*| |*| | | |
  5: | | | | | | | |*| | |
  4: | | | |*| | | | | | |
  3: | |*|N| | | | | | | |
  2: | | |*| | | | | | | |
  1: | | | | | |*| | | | |
  0: | | | | | | | | | |*|
 -1: ---------------------

FORWARD
 y\x  0 1 2 3 4 5 6 7 8 9
  9: ---------------------
  8: | | | | | | | | |*|*|
  7: | | | | | | | | | | |
  6: | | | | |*| |*| | | |
  5: | | | | | | | |*| | |
  4: | | |N|*| | | | | | |
  3: | |*| | | | | | | | |
  2: | | |*| | | | | | | |
  1: | | | | | |*| | | | |
  0: | | | | | | | | | |*|
 -1: ---------------------

FORWARD
 y\x  0 1 2 3 4 5 6 7 8 9
  9: ---------------------
  8: | | | | | | | | |*|*|
  7: | | | | | | | | | | |
  6: | | | | |*| |*| | | |
  5: | | |N| | | | |*| | |
  4: | | | |*| | | | | | |
  3: | |*| | | | | | | | |
  2: | | |*| | | | | | | |
  1: | | | | | |*| | | | |
  0: | | | | | | | | | |*|
 -1: ---------------------

FORWARD
 y\x  0 1 2 3 4 5 6 7 8 9
  9: ---------------------
  8: | | | | | | | | |*|*|
  7: | | | | | | | | | | |
  6: | | |N| |*| |*| | | |
  5: | | | | | | | |*| | |
  4: | | | |*| | | | | | |
  3: | |*| | | | | | | | |
  2: | | |*| | | | | | | |
  1: | | | | | |*| | | | |
  0: | | | | | | | | | |*|
 -1: ---------------------

FORWARD
 y\x  0 1 2 3 4 5 6 7 8 9
  9: ---------------------
  8: | | | | | | | | |*|*|
  7: | | |N| | | | | | | |
  6: | | | | |*| |*| | | |
  5: | | | | | | | |*| | |
  4: | | | |*| | | | | | |
  3: | |*| | | | | | | | |
  2: | | |*| | | | | | | |
  1: | | | | | |*| | | | |
  0: | | | | | | | | | |*|
 -1: ---------------------

FORWARD
 y\x  0 1 2 3 4 5 6 7 8 9
  9: ---------------------
  8: | | |N| | | | | |*|*|
  7: | | | | | | | | | | |
  6: | | | | |*| |*| | | |
  5: | | | | | | | |*| | |
  4: | | | |*| | | | | | |
  3: | |*| | | | | | | | |
  2: | | |*| | | | | | | |
  1: | | | | | |*| | | | |
  0: | | | | | | | | | |*|
 -1: ---------------------

FORWARD
 y\x  0 1 2 3 4 5 6 7 8 9
 10: ---------------------
  9: | | |N| | | | | | | |
  8: | | | | | | | | |*|*|
  7: | | | | | | | | | | |
  6: | | | | |*| |*| | | |
  5: | | | | | | | |*| | |
  4: | | | |*| | | | | | |
  3: | |*| | | | | | | | |
  2: | | |*| | | | | | | |
  1: | | | | | |*| | | | |
  0: | | | | | | | | | |*|
 -1: ---------------------

FORWARD
 y\x  0 1 2 3 4 5 6 7 8 9
 11: ---------------------
 10: | | |N| | | | | | | |
  9: | | | | | | | | | | |
  8: | | | | | | | | |*|*|
  7: | | | | | | | | | | |
  6: | | | | |*| |*| | | |
  5: | | | | | | | |*| | |
  4: | | | |*| | | | | | |
  3: | |*| | | | | | | | |
  2: | | |*| | | | | | | |
  1: | | | | | |*| | | | |
  0: | | | | | | | | | |*|
 -1: ---------------------

FORWARD
 y\x  0 1 2 3 4 5 6 7 8 9
 12: ---------------------
 11: | | |N| | | | | | | |
 10: | | | | | | | | | | |
  9: | | | | | | | | | | |
  8: | | | | | | | | |*|*|
  7: | | | | | | | | | | |
  6: | | | | |*| |*| | | |
  5: | | | | | | | |*| | |
  4: | | | |*| | | | | | |
  3: | |*| | | | | | | | |
  2: | | |*| | | | | | | |
  1: | | | | | |*| | | | |
  0: | | | | | | | | | |*|
 -1: ---------------------

FORWARD
 y\x  0 1 2 3 4 5 6 7 8 9
 13: ---------------------
 12: | | |N| | | | | | | |
 11: | | | | | | | | | | |
 10: | | | | | | | | | | |
  9: | | | | | | | | | | |
  8: | | | | | | | | |*|*|
  7: | | | | | | | | | | |
  6: | | | | |*| |*| | | |
  5: | | | | | | | |*| | |
  4: | | | |*| | | | | | |
  3: | |*| | | | | | | | |
  2: | | |*| | | | | | | |
  1: | | | | | |*| | | | |
  0: | | | | | | | | | |*|
 -1: ---------------------

FORWARD
 y\x  0 1 2 3 4 5 6 7 8 9
 14: ---------------------
 13: | | |N| | | | | | | |
 12: | | | | | | | | | | |
 11: | | | | | | | | | | |
 10: | | | | | | | | | | |
  9: | | | | | | | | | | |
  8: | | | | | | | | |*|*|
  7: | | | | | | | | | | |
  6: | | | | |*| |*| | | |
  5: | | | | | | | |*| | |
  4: | | | |*| | | | | | |
  3: | |*| | | | | | | | |
  2: | | |*| | | | | | | |
  1: | | | | | |*| | | | |
  0: | | | | | | | | | |*|
 -1: ---------------------

 y\x  0 1 2 3 4 5 6 7 8 9
 14: ---------------------
 13: | | |N| | | | | | | |
 12: | | | | | | | | | | |
 11: | | | | | | | | | | |
 10: | | | | | | | | | | |
  9: | | | | | | | | | | |
  8: | | | | | | | | |*|*|
  7: | | | | | | | | | | |
  6: | | | | |*| |*| | | |
  5: | | | | | | | |*| | |
  4: | | | |*| | | | | | |
  3: | |*| | | | | | | | |
  2: | | |*| | | | | | | |
  1: | | | | | |*| | | | |
  0: | | | | | | | | | |*|
 -1: ---------------------

]]></system-out>
  <system-err><![CDATA[]]></system-err>
</testsuite>
