<?xml version="1.0" encoding="UTF-8"?>
<testsuite name="agh.ics.oop.IWorldMapTest" tests="4" skipped="0" failures="0" errors="0" timestamp="2022-11-23T10:35:09" hostname="XPS13_PAWEL" time="0.021">
  <properties/>
  <testcase name="ObjectAtTestGF()" classname="agh.ics.oop.IWorldMapTest" time="0.015"/>
  <testcase name="ObjectAtOccupiedTestRM()" classname="agh.ics.oop.IWorldMapTest" time="0.001"/>
  <testcase name="placeTestGF()" classname="agh.ics.oop.IWorldMapTest" time="0.001"/>
  <testcase name="placeTestRM()" classname="agh.ics.oop.IWorldMapTest" time="0.002"/>
  <system-out><![CDATA[*
*
]]></system-out>
  <system-err><![CDATA[]]></system-err>
</testsuite>
