<?xml version="1.0" encoding="UTF-8"?>
<testsuite name="agh.ics.oop.AnimalTest" tests="1" skipped="0" failures="0" errors="0" timestamp="2022-10-26T16:12:03" hostname="XPS13_PAWEL" time="0.049">
  <properties/>
  <testcase name="inputTestNoGet()" classname="agh.ics.oop.AnimalTest" time="0.049"/>
  <system-out><![CDATA[]]></system-out>
  <system-err><![CDATA[]]></system-err>
</testsuite>
